[35m[1mScanning dependencies of target _rl_msgs_generate_messages_check_deps_RLAction[0m
[35m[1mScanning dependencies of target _rl_msgs_generate_messages_check_deps_RLStateReward[0m
[35m[1mScanning dependencies of target _rl_msgs_generate_messages_check_deps_RLExperimentInfo[0m
[35m[1mScanning dependencies of target _rl_msgs_generate_messages_check_deps_RLEnvDescription[0m
[35m[1mScanning dependencies of target _rl_msgs_generate_messages_check_deps_RLEnvSeedExperience[0m
[35m[1mScanning dependencies of target std_msgs_generate_messages_cpp[0m
[35m[1mScanning dependencies of target std_msgs_generate_messages_lisp[0m
[35m[1mScanning dependencies of target std_msgs_generate_messages_eus[0m
[35m[1mScanning dependencies of target std_msgs_generate_messages_py[0m
[35m[1mScanning dependencies of target std_msgs_generate_messages_nodejs[0m
[  0%] Built target std_msgs_generate_messages_eus
[  0%] Built target std_msgs_generate_messages_lisp
[  0%] Built target std_msgs_generate_messages_cpp
[  0%] Built target std_msgs_generate_messages_py
[  0%] Built target std_msgs_generate_messages_nodejs
[  0%] Built target _rl_msgs_generate_messages_check_deps_RLEnvSeedExperience
[  0%] Built target _rl_msgs_generate_messages_check_deps_RLStateReward
[  0%] Built target _rl_msgs_generate_messages_check_deps_RLEnvDescription
[  0%] Built target _rl_msgs_generate_messages_check_deps_RLAction
[  0%] Built target _rl_msgs_generate_messages_check_deps_RLExperimentInfo
[35m[1mScanning dependencies of target rl_msgs_generate_messages_eus[0m
[35m[1mScanning dependencies of target rl_msgs_generate_messages_cpp[0m
[35m[1mScanning dependencies of target rl_msgs_generate_messages_lisp[0m
[35m[1mScanning dependencies of target rl_msgs_generate_messages_py[0m
[35m[1mScanning dependencies of target rl_msgs_generate_messages_nodejs[0m
[ 11%] [34m[1mGenerating EusLisp code from rl_msgs/RLEnvDescription.msg[0m
[ 11%] [34m[1mGenerating Lisp code from rl_msgs/RLEnvSeedExperience.msg[0m
[ 11%] [34m[1mGenerating EusLisp code from rl_msgs/RLAction.msg[0m
[ 18%] [34m[1mGenerating C++ code from rl_msgs/RLAction.msg[0m
[ 18%] [34m[1mGenerating EusLisp code from rl_msgs/RLExperimentInfo.msg[0m
[ 25%] [34m[1mGenerating EusLisp code from rl_msgs/RLStateReward.msg[0m
[ 25%] [34m[1mGenerating Lisp code from rl_msgs/RLExperimentInfo.msg[0m
[ 37%] [34m[1mGenerating Javascript code from rl_msgs/RLAction.msg[0m
[ 37%] [34m[1mGenerating Python from MSG rl_msgs/RLAction[0m
[ 37%] [34m[1mGenerating Lisp code from rl_msgs/RLEnvDescription.msg[0m
[ 40%] [34m[1mGenerating Lisp code from rl_msgs/RLAction.msg[0m
[ 44%] [34m[1mGenerating EusLisp code from rl_msgs/RLEnvSeedExperience.msg[0m
[ 48%] [34m[1mGenerating EusLisp manifest code for rl_msgs[0m
[ 51%] [34m[1mGenerating C++ code from rl_msgs/RLEnvSeedExperience.msg[0m
[ 55%] [34m[1mGenerating C++ code from rl_msgs/RLEnvDescription.msg[0m
[ 59%] [34m[1mGenerating Lisp code from rl_msgs/RLStateReward.msg[0m
[ 62%] [34m[1mGenerating Javascript code from rl_msgs/RLEnvDescription.msg[0m
[ 66%] [34m[1mGenerating C++ code from rl_msgs/RLExperimentInfo.msg[0m
[ 74%] [34m[1mGenerating Javascript code from rl_msgs/RLEnvSeedExperience.msg[0m
[ 74%] [34m[1mGenerating C++ code from rl_msgs/RLStateReward.msg[0m
[ 77%] [34m[1mGenerating Javascript code from rl_msgs/RLExperimentInfo.msg[0m
[ 77%] Built target rl_msgs_generate_messages_lisp
[ 81%] [34m[1mGenerating Javascript code from rl_msgs/RLStateReward.msg[0m
[ 85%] [34m[1mGenerating Python from MSG rl_msgs/RLEnvDescription[0m
[ 88%] [34m[1mGenerating Python from MSG rl_msgs/RLEnvSeedExperience[0m
[ 92%] [34m[1mGenerating Python from MSG rl_msgs/RLStateReward[0m
[ 96%] [34m[1mGenerating Python from MSG rl_msgs/RLExperimentInfo[0m
[ 96%] Built target rl_msgs_generate_messages_nodejs
[ 96%] Built target rl_msgs_generate_messages_cpp
[100%] [34m[1mGenerating Python msg __init__.py for rl_msgs[0m
[100%] Built target rl_msgs_generate_messages_py
[100%] Built target rl_msgs_generate_messages_eus
[35m[1mScanning dependencies of target rl_msgs_generate_messages[0m
[100%] Built target rl_msgs_generate_messages
