Symlinking /home/vitor/rl-texplore-ros-pkg/devel/share/roseus/ros/rl_msgs/manifest.l
Symlinking /home/vitor/rl-texplore-ros-pkg/devel/share/roseus/ros/rl_msgs/msg/RLEnvSeedExperience.l
Symlinking /home/vitor/rl-texplore-ros-pkg/devel/share/roseus/ros/rl_msgs/msg/RLExperimentInfo.l
Symlinking /home/vitor/rl-texplore-ros-pkg/devel/share/roseus/ros/rl_msgs/msg/RLEnvDescription.l
Symlinking /home/vitor/rl-texplore-ros-pkg/devel/share/roseus/ros/rl_msgs/msg/RLStateReward.l
Symlinking /home/vitor/rl-texplore-ros-pkg/devel/share/roseus/ros/rl_msgs/msg/RLAction.l
Symlinking /home/vitor/rl-texplore-ros-pkg/devel/share/rl_msgs/cmake/rl_msgsConfig.cmake
Symlinking /home/vitor/rl-texplore-ros-pkg/devel/share/rl_msgs/cmake/rl_msgs-msg-extras.cmake
Symlinking /home/vitor/rl-texplore-ros-pkg/devel/share/rl_msgs/cmake/rl_msgs-msg-paths.cmake
Symlinking /home/vitor/rl-texplore-ros-pkg/devel/share/rl_msgs/cmake/rl_msgsConfig-version.cmake
Symlinking /home/vitor/rl-texplore-ros-pkg/devel/share/common-lisp/ros/rl_msgs/msg/_package_RLExperimentInfo.lisp
Symlinking /home/vitor/rl-texplore-ros-pkg/devel/share/common-lisp/ros/rl_msgs/msg/RLStateReward.lisp
Symlinking /home/vitor/rl-texplore-ros-pkg/devel/share/common-lisp/ros/rl_msgs/msg/RLExperimentInfo.lisp
Symlinking /home/vitor/rl-texplore-ros-pkg/devel/share/common-lisp/ros/rl_msgs/msg/_package_RLEnvDescription.lisp
Symlinking /home/vitor/rl-texplore-ros-pkg/devel/share/common-lisp/ros/rl_msgs/msg/_package.lisp
Symlinking /home/vitor/rl-texplore-ros-pkg/devel/share/common-lisp/ros/rl_msgs/msg/_package_RLEnvSeedExperience.lisp
Symlinking /home/vitor/rl-texplore-ros-pkg/devel/share/common-lisp/ros/rl_msgs/msg/RLEnvSeedExperience.lisp
Symlinking /home/vitor/rl-texplore-ros-pkg/devel/share/common-lisp/ros/rl_msgs/msg/_package_RLAction.lisp
Symlinking /home/vitor/rl-texplore-ros-pkg/devel/share/common-lisp/ros/rl_msgs/msg/_package_RLStateReward.lisp
Symlinking /home/vitor/rl-texplore-ros-pkg/devel/share/common-lisp/ros/rl_msgs/msg/rl_msgs-msg.asd
Symlinking /home/vitor/rl-texplore-ros-pkg/devel/share/common-lisp/ros/rl_msgs/msg/RLAction.lisp
Symlinking /home/vitor/rl-texplore-ros-pkg/devel/share/common-lisp/ros/rl_msgs/msg/RLEnvDescription.lisp
Symlinking /home/vitor/rl-texplore-ros-pkg/devel/share/gennodejs/ros/rl_msgs/_index.js
Symlinking /home/vitor/rl-texplore-ros-pkg/devel/share/gennodejs/ros/rl_msgs/msg/RLEnvDescription.js
Symlinking /home/vitor/rl-texplore-ros-pkg/devel/share/gennodejs/ros/rl_msgs/msg/RLEnvSeedExperience.js
Symlinking /home/vitor/rl-texplore-ros-pkg/devel/share/gennodejs/ros/rl_msgs/msg/RLStateReward.js
Symlinking /home/vitor/rl-texplore-ros-pkg/devel/share/gennodejs/ros/rl_msgs/msg/RLExperimentInfo.js
Symlinking /home/vitor/rl-texplore-ros-pkg/devel/share/gennodejs/ros/rl_msgs/msg/_index.js
Symlinking /home/vitor/rl-texplore-ros-pkg/devel/share/gennodejs/ros/rl_msgs/msg/RLAction.js
Symlinking /home/vitor/rl-texplore-ros-pkg/devel/lib/python3/dist-packages/rl_msgs/__init__.py
Symlinking /home/vitor/rl-texplore-ros-pkg/devel/lib/python3/dist-packages/rl_msgs/msg/_RLEnvDescription.py
Symlinking /home/vitor/rl-texplore-ros-pkg/devel/lib/python3/dist-packages/rl_msgs/msg/__init__.py
Symlinking /home/vitor/rl-texplore-ros-pkg/devel/lib/python3/dist-packages/rl_msgs/msg/_RLEnvSeedExperience.py
Symlinking /home/vitor/rl-texplore-ros-pkg/devel/lib/python3/dist-packages/rl_msgs/msg/_RLExperimentInfo.py
Symlinking /home/vitor/rl-texplore-ros-pkg/devel/lib/python3/dist-packages/rl_msgs/msg/_RLAction.py
Symlinking /home/vitor/rl-texplore-ros-pkg/devel/lib/python3/dist-packages/rl_msgs/msg/_RLStateReward.py
Symlinking /home/vitor/rl-texplore-ros-pkg/devel/lib/pkgconfig/rl_msgs.pc
Symlinking /home/vitor/rl-texplore-ros-pkg/devel/include/rl_msgs/RLExperimentInfo.h
Symlinking /home/vitor/rl-texplore-ros-pkg/devel/include/rl_msgs/RLAction.h
Symlinking /home/vitor/rl-texplore-ros-pkg/devel/include/rl_msgs/RLEnvDescription.h
Symlinking /home/vitor/rl-texplore-ros-pkg/devel/include/rl_msgs/RLEnvSeedExperience.h
Symlinking /home/vitor/rl-texplore-ros-pkg/devel/include/rl_msgs/RLStateReward.h
